<?xml version="1.0" encoding="UTF-8"?>
<testng-results ignored="0" total="6" passed="5" failed="1" skipped="0">
  <reporter-output>
  </reporter-output>
  <suite started-at="2024-08-10T15:41:00 IST" name="Default suite" finished-at="2024-08-10T15:41:01 IST" duration-ms="1353">
    <groups>
    </groups>
    <test started-at="2024-08-10T15:41:00 IST" name="Default test" finished-at="2024-08-10T15:41:01 IST" duration-ms="1353">
      <class name="javaPackage.DataProviderExcel_4">
        <test-method signature="feedData(java.lang.String,java.lang.String)[pri:1, instance:javaPackage.DataProviderExcel_4@4b8ee4de]" started-at="2024-08-10T15:41:00 IST" name="feedData" data-provider="datapro" finished-at="2024-08-10T15:41:01 IST" duration-ms="1228" status="FAIL">
          <exception class="org.testng.internal.reflect.MethodMatcherException">
            <message>
              <![CDATA[
[public void javaPackage.DataProviderExcel_4.feedData(java.lang.String,java.lang.String)] has no parameters defined but was found to be using a data provider (either explicitly specified or inherited from class level annotation).
Data provider mismatch
Method: feedData([java.lang.String arg0, java.lang.String arg1])
Arguments: [(java.lang.String) hi,(java.lang.String) bye,(java.lang.String) adfs@gmail.com]]]>
            </message>
            <full-stacktrace>
              <![CDATA[org.testng.internal.reflect.MethodMatcherException: 
[public void javaPackage.DataProviderExcel_4.feedData(java.lang.String,java.lang.String)] has no parameters defined but was found to be using a data provider (either explicitly specified or inherited from class level annotation).
Data provider mismatch
Method: feedData([java.lang.String arg0, java.lang.String arg1])
Arguments: [(java.lang.String) hi,(java.lang.String) bye,(java.lang.String) adfs@gmail.com]
at org.testng.internal.reflect.DataProviderMethodMatcher.getConformingArguments(DataProviderMethodMatcher.java:46)
at org.testng.internal.Parameters.injectParameters(Parameters.java:915)
at org.testng.internal.invokers.MethodRunner.runInSequence(MethodRunner.java:50)
at org.testng.internal.invokers.TestInvoker$MethodInvocationAgent.invoke(TestInvoker.java:992)
at org.testng.internal.invokers.TestInvoker.invokeTestMethods(TestInvoker.java:203)
at org.testng.internal.invokers.TestMethodWorker.invokeTestMethods(TestMethodWorker.java:154)
at org.testng.internal.invokers.TestMethodWorker.run(TestMethodWorker.java:134)
at java.base/java.util.ArrayList.forEach(ArrayList.java:1511)
at org.testng.TestRunner.privateRun(TestRunner.java:739)
at org.testng.TestRunner.run(TestRunner.java:614)
at org.testng.SuiteRunner.runTest(SuiteRunner.java:421)
at org.testng.SuiteRunner.runSequentially(SuiteRunner.java:413)
at org.testng.SuiteRunner.privateRun(SuiteRunner.java:373)
at org.testng.SuiteRunner.run(SuiteRunner.java:312)
at org.testng.SuiteRunnerWorker.runSuite(SuiteRunnerWorker.java:52)
at org.testng.SuiteRunnerWorker.run(SuiteRunnerWorker.java:95)
at org.testng.TestNG.runSuitesSequentially(TestNG.java:1274)
at org.testng.TestNG.runSuitesLocally(TestNG.java:1208)
at org.testng.TestNG.runSuites(TestNG.java:1112)
at org.testng.TestNG.run(TestNG.java:1079)
at org.testng.remote.AbstractRemoteTestNG.run(AbstractRemoteTestNG.java:115)
at org.testng.remote.RemoteTestNG.initAndRun(RemoteTestNG.java:293)
at org.testng.remote.RemoteTestNG.main(RemoteTestNG.java:91)
]]>
            </full-stacktrace>
          </exception> <!-- org.testng.internal.reflect.MethodMatcherException -->
          <reporter-output>
          </reporter-output>
        </test-method> <!-- feedData -->
        <test-method signature="hi()[pri:2, instance:javaPackage.DataProviderExcel_4@4b8ee4de]" started-at="2024-08-10T15:41:01 IST" name="hi" finished-at="2024-08-10T15:41:01 IST" duration-ms="4" status="PASS">
          <reporter-output>
          </reporter-output>
        </test-method> <!-- hi -->
        <test-method signature="feedData2(java.lang.String,java.lang.String,java.lang.String)[pri:3, instance:javaPackage.DataProviderExcel_4@4b8ee4de]" started-at="2024-08-10T15:41:01 IST" name="feedData2" data-provider="datapro1" finished-at="2024-08-10T15:41:01 IST" duration-ms="2" status="PASS">
          <params>
            <param index="0">
              <value>
                <![CDATA[hi]]>
              </value>
            </param>
            <param index="1">
              <value>
                <![CDATA[bye]]>
              </value>
            </param>
            <param index="2">
              <value>
                <![CDATA[adfs@gmail.com]]>
              </value>
            </param>
          </params>
          <reporter-output>
          </reporter-output>
        </test-method> <!-- feedData2 -->
        <test-method signature="feedData2(java.lang.String,java.lang.String,java.lang.String)[pri:3, instance:javaPackage.DataProviderExcel_4@4b8ee4de]" started-at="2024-08-10T15:41:01 IST" name="feedData2" data-provider="datapro1" finished-at="2024-08-10T15:41:01 IST" duration-ms="2" status="PASS">
          <params>
            <param index="0">
              <value>
                <![CDATA[no]]>
              </value>
            </param>
            <param index="1">
              <value>
                <![CDATA[yes]]>
              </value>
            </param>
            <param index="2">
              <value>
                <![CDATA[adsvf@gmail.com]]>
              </value>
            </param>
          </params>
          <reporter-output>
          </reporter-output>
        </test-method> <!-- feedData2 -->
        <test-method signature="feedData2(java.lang.String,java.lang.String,java.lang.String)[pri:3, instance:javaPackage.DataProviderExcel_4@4b8ee4de]" started-at="2024-08-10T15:41:01 IST" name="feedData2" data-provider="datapro1" finished-at="2024-08-10T15:41:01 IST" duration-ms="2" status="PASS">
          <params>
            <param index="0">
              <value>
                <![CDATA[hoahs]]>
              </value>
            </param>
            <param index="1">
              <value>
                <![CDATA[advad]]>
              </value>
            </param>
            <param index="2">
              <value>
                <![CDATA[btgnytrtgfr@gmail.com]]>
              </value>
            </param>
          </params>
          <reporter-output>
          </reporter-output>
        </test-method> <!-- feedData2 -->
        <test-method signature="feedData2(java.lang.String,java.lang.String,java.lang.String)[pri:3, instance:javaPackage.DataProviderExcel_4@4b8ee4de]" started-at="2024-08-10T15:41:01 IST" name="feedData2" data-provider="datapro1" finished-at="2024-08-10T15:41:01 IST" duration-ms="2" status="PASS">
          <params>
            <param index="0">
              <value>
                <![CDATA[acedv]]>
              </value>
            </param>
            <param index="1">
              <value>
                <![CDATA[sv sfv ]]>
              </value>
            </param>
            <param index="2">
              <value>
                <![CDATA[rgethyr@gmail.com]]>
              </value>
            </param>
          </params>
          <reporter-output>
          </reporter-output>
        </test-method> <!-- feedData2 -->
      </class> <!-- javaPackage.DataProviderExcel_4 -->
    </test> <!-- Default test -->
  </suite> <!-- Default suite -->
</testng-results>
